
[0m[2m[35m$[0m [2m[1mnext build[0m
[1m[38;2;173;127;168m▲ Next.js 16.1.1[39m[22m (Turbopack)
- Environments: .env

[37m[1m [22m[39m Creating an optimized production build ...
[32m[1m✓[22m[39m Compiled successfully in 17.0s
[?25l[37m[1m [22m[39m Running TypeScript  [36m.[39m[2K[1G[37m[1m [22m[39m Running TypeScript  [36m..[39m[2K[1G[37m[1m [22m[39m Running TypeScript  [36m...[39m[2K[1G[37m[1m [22m[39m Running TypeScript  [36m.[39m[2K[1G[37m[1m [22m[39m Running TypeScript  [36m..[39m[2K[1G[37m[1m [22m[39m Running TypeScript  [36m...[39m[2K[1G[37m[1m [22m[39m Running TypeScript  [36m.[39m[2K[1G[37m[1m [22m[39m Running TypeScript  [36m..[39m[2K[1G[37m[1m [22m[39m Running TypeScript  [36m...[39m[2K[1G[37m[1m [22m[39m Running TypeScript  [36m.[39m[2K[1G[37m[1m [22m[39m Running TypeScript  [36m..[39m[2K[1G[37m[1m [22m[39m Running TypeScript  [36m...[39m[2K[1G[37m[1m [22m[39m Running TypeScript  [36m.[39m[2K[1G[37m[1m [22m[39m Running TypeScript  [36m..[39m[2K[1G[37m[1m [22m[39m Running TypeScript  [36m...[39m[2K[1G[37m[1m [22m[39m Running TypeScript  [36m.[39m[2K[1G[37m[1m [22m[39m Running TypeScript  [36m..[39m[2K[1G[37m[1m [22m[39m Running TypeScript  [36m...[39m[2K[1G[37m[1m [22m[39m Running TypeScript  [36m.[39m[2K[1G[37m[1m [22m[39m Running TypeScript  [36m..[39m[2K[1G[37m[1m [22m[39m Running TypeScript  [36m...[39m[2K[1G[37m[1m [22m[39m Running TypeScript  [36m.[39m[2K[1G[37m[1m [22m[39m Running TypeScript  [36m..[39m[2K[1G[37m[1m [22m[39m Running TypeScript  [36m...[39m[2K[1G[37m[1m [22m[39m Running TypeScript  [36m.[39m[2K[1G[37m[1m [22m[39m Running TypeScript  [36m..[39m[2K[1G[37m[1m [22m[39m Running TypeScript  [36m...[39m[2K[1G[37m[1m [22m[39m Running TypeScript  [36m.[39m[2K[1G[37m[1m [22m[39m Running TypeScript  [36m..[39m[2K[1G[37m[1m [22m[39m Running TypeScript  [36m...[39m[2K[1G[37m[1m [22m[39m Running TypeScript  [36m.[39m[2K[1G[37m[1m [22m[39m Running TypeScript  [36m..[39m[2K[1G[37m[1m [22m[39m Running TypeScript  [36m...[39m[2K[1G[37m[1m [22m[39m Running TypeScript  [36m.[39m[2K[1G[37m[1m [22m[39m Running TypeScript  [36m..[39m[2K[1G[37m[1m [22m[39m Running TypeScript  [36m...[39m[2K[1G[37m[1m [22m[39m Running TypeScript  [36m.[39m[2K[1G[37m[1m [22m[39m Running TypeScript  [36m..[39m[2K[1G[?25h[?25l[37m[1m [22m[39m Finished TypeScript in 7.4s  [36m.[39m[2K[1G[?25h[37m[1m [22m[39m Finished TypeScript in 7.4s    [32m[1m✓[22m[39m Finished TypeScript in 7.4s 
[?25l[37m[1m [22m[39m Collecting page data using 11 workers  [36m.[39m[2K[1G[1A[2K[1G[37m[1m [22m[39m Collecting page data using 11 workers  [36m..[39m[2K[1G[1A[2K[1G[37m[1m [22m[39m Collecting page data using 11 workers  [36m...[39m[2K[1G[1A[2K[1G[37m[1m [22m[39m Collecting page data using 11 workers  [36m.[39m[2K[1G[1A[2K[1G[37m[1m [22m[39m Collecting page data using 11 workers  [36m..[39m[2K[1G[1A[2K[1G[37m[1m [22m[39m Collecting page data using 11 workers  [36m...[39m[2K[1G[1A[2K[1G[37m[1m [22m[39m Collecting page data using 11 workers  [36m.[39m[2K[1G[1A[2K[1G[37m[1m [22m[39m Collecting page data using 11 workers  [36m..[39m[2K[1G[1A[2K[1G[37m[1m [22m[39m Collecting page data using 11 workers  [36m...[39m[2K[1G[1A[2K[1G[37m[1m [22m[39m Collecting page data using 11 workers  [36m.[39m[2K[1G[1A[2K[1G[?25h[37m[1m [22m[39m Collecting page data using 11 workers in 2.2s    [32m[1m✓[22m[39m Collecting page data using 11 workers in 2.2s 
[?25l[37m[1m [22m[39m Generating static pages using 11 workers (0/23)  [36m[    ][39m[2K[1G[1A[2K[1G[37m[1m [22m[39m Generating static pages using 11 workers (0/23)  [36m[=   ][39m[2K[1G[1A[2K[1G[37m[1m [22m[39m Generating static pages using 11 workers (8/23)  [36m[==  ][39m[2K[1G[1A[2K[1G[37m[1m [22m[39m Generating static pages using 11 workers (8/23)  [36m[=== ][39m[2K[1G[1A[2K[1G[37m[1m [22m[39m Generating static pages using 11 workers (15/23)  [36m[ ===][39m[2K[1G[1A[2K[1G[37m[1m [22m[39m Generating static pages using 11 workers (15/23)  [36m[  ==][39m[2K[1G[1A[2K[1G[37m[1m [22m[39m Generating static pages using 11 workers (15/23)  [36m[   =][39m[2K[1G[1A[2K[1G[37m[1m [22m[39m Generating static pages using 11 workers (15/23)  [36m[    ][39m[2K[1G[1A[2K[1G[?25h[32m[1m✓[22m[39m Generating static pages using 11 workers (23/23) in 1521.7ms
[?25l[37m[1m [22m[39m Finalizing page optimization  [36m.[39m[2K[1G[37m[1m [22m[39m Finalizing page optimization  [36m..[39m[2K[1G[?25h[37m[1m [22m[39m Finalizing page optimization in 285.5ms    [32m[1m✓[22m[39m Finalizing page optimization in 285.5ms 

[4mRoute (app)[24m
┌ ○ /
├ ○ /_not-found
├ ○ /admin
├ ○ /admin/analytics
├ ○ /admin/feedback
├ ○ /admin/interns
├ ○ /admin/logs
├ ○ /admin/projects
├ ○ /admin/reports
├ ○ /admin/settings
├ ƒ /api/auth/[...all]
├ ƒ /api/test
├ ƒ /dashboard
├ ○ /login
├ ○ /member
├ ○ /member/activity
├ ○ /member/breakthroughs
├ ○ /member/goals
├ ○ /member/leave
├ ○ /member/monthly
├ ○ /member/profile
└ ○ /member/skills


○  (Static)   prerendered as static content
ƒ  (Dynamic)  server-rendered on demand

[?25h
